{"message":"Unauthorized request to path: /","level":"error"}
{"message":"Unauthorized request to path: /favicon.ico","level":"error"}
{"message":"Unauthorized request to path: /","level":"error"}
{"message":"Unauthorized request to path: /favicon.ico","level":"error"}
{"message":"Unauthorized request to path: /api/trips","level":"error"}
{"message":"Unauthorized request to path: /api/trips","level":"error"}
{"message":"Unauthorized request to path: /api/trips","level":"error"}
{"message":"Unauthorized request to path: /api/trips","level":"error"}
{"message":"Unauthorized request to path: /api/trips","level":"error"}
{"message":"Unauthorized request to path: /api/trips","level":"error"}
{"message":"Unauthorized request to path: /api/trips","level":"error"}
{"message":"Unauthorized request to path: /api/trips","level":"error"}
{"message":"Unauthorized request to path: /api/trips","level":"error"}
{"message":"Unauthorized request to path: /api/trips","level":"error"}
{"message":"Unauthorized request to path: /api/trips","level":"error"}
{"message":"Unauthorized request to path: /api/trips","level":"error"}
{"message":"Unauthorized request to path: /api/trips","level":"error"}
{"message":"Unauthorized request to path: /api/trips","level":"error"}
{"message":"Unauthorized request to path: /api/trips","level":"error"}
{"message":"Unauthorized request to path: /api/trips","level":"error"}
{"message":"Unauthorized request to path: /api/trips","level":"error"}
{"message":"Unauthorized request to path: /api/trips","level":"error"}
{"message":"Unauthorized request to path: /api/trips","level":"error"}
{"message":"Unauthorized request to path: /api/trips","level":"error"}
{"message":"Unauthorized request to path: /api/trips","level":"error"}
{"message":"Unauthorized request to path: /api/trips","level":"error"}
{"message":"Unauthorized request to path: /api/trips","level":"error"}
{"message":"Unauthorized request to path: /api/trips","level":"error"}
{"message":"Unauthorized request to path: /api/trips","level":"error"}
{"message":"Unauthorized request to path: /api/trips","level":"error"}
{"message":"Unauthorized request to path: /api/trips","level":"error"}
{"message":"Unauthorized request to path: /api/trips","level":"error"}
{"message":"Unauthorized request to path: /api/trips","level":"error"}
{"message":"Unauthorized request to path: /api/trips","level":"error"}
{"message":"Unauthorized request to path: /api/trips","level":"error"}
{"message":"Unauthorized request to path: /api/trips","level":"error"}
{"message":"Unauthorized request to path: /api/trips","level":"error"}
{"message":"Unauthorized request to path: /api/trips","level":"error"}
{"message":"Unauthorized request to path: /api/trips","level":"error"}
{"message":"Unauthorized request to path: /api/trips","level":"error"}
{"message":"Unauthorized request to path: /api/trips","level":"error"}
{"message":"Unauthorized request to path: /api/trips","level":"error"}
{"message":"Unauthorized request to path: /api/trips","level":"error"}
{"message":"Unauthorized request to path: /api/trips","level":"error"}
{"message":"Unauthorized request to path: /api/trips","level":"error"}
{"message":"Unauthorized request to path: /api/trips","level":"error"}
{"message":"Unauthorized request to path: /api/trips","level":"error"}
{"message":"Unauthorized request to path: /api/trips","level":"error"}
{"message":"Unauthorized request to path: /api/trips","level":"error"}
{"message":"Unauthorized request to path: /api/trips","level":"error"}
{"message":"Unauthorized request to path: /api/trips","level":"error"}
{"message":"Unauthorized request to path: /api/trips","level":"error"}
{"message":"Unauthorized request to path: /api/trips","level":"error"}
{"message":"Unauthorized request to path: /api/trips","level":"error"}
{"message":"Unauthorized request to path: /api/trips","level":"error"}
{"message":"Unauthorized request to path: /api/trips","level":"error"}
{"message":"Unauthorized request to path: /api/trips","level":"error"}
{"message":"Unauthorized request to path: /api/trips","level":"error"}
{"message":"Unauthorized request to path: /api/trips","level":"error"}
{"message":"Unauthorized request to path: /api/trips","level":"error"}
{"message":"Unauthorized request to path: /api/trips","level":"error"}
{"message":"Unauthorized request to path: /api/trips","level":"error"}
{"message":"Unauthorized request to path: /api/trips","level":"error"}
{"message":"Unauthorized request to path: /api/trips","level":"error"}
{"message":"Unauthorized request to path: /api/trips","level":"error"}
{"message":"Unauthorized request to path: /api/trips","level":"error"}
{"message":"Unauthorized request to path: /api/trips","level":"error"}
{"message":"Unauthorized request to path: /api/trips","level":"error"}
{"message":"Unauthorized request to path: /api/trips","level":"error"}
{"message":"Unauthorized request to path: /api/trips","level":"error"}
{"message":"Unauthorized request to path: /api/trips","level":"error"}
{"message":"Unauthorized request to path: /api/trips","level":"error"}
{"message":"Unauthorized request to path: /api/trips","level":"error"}
{"message":"Unauthorized request to path: /api/trips","level":"error"}
{"message":"Unauthorized request to path: /api/trips","level":"error"}
{"message":"Unauthorized request to path: /api/trips","level":"error"}
{"message":"Unauthorized request to path: /api/trips","level":"error"}
{"message":"Unauthorized request to path: /api/trips","level":"error"}
{"message":"Unauthorized request to path: /api/trips","level":"error"}
{"message":"Unauthorized request to path: /api/trips","level":"error"}
{"message":"Unauthorized request to path: /api/trips","level":"error"}
{"message":"Unauthorized request to path: /api/trips","level":"error"}
{"message":"Unauthorized request to path: /api/trips","level":"error"}
{"message":"Unauthorized request to path: /api/trips","level":"error"}
{"message":"Unauthorized request to path: /api/trips","level":"error"}
{"message":"Unauthorized request to path: /api/trips","level":"error"}
{"message":"Unauthorized request to path: /api/trips","level":"error"}
{"message":"Unauthorized request to path: /api/trips","level":"error"}
{"message":"Unauthorized request to path: /api/trips","level":"error"}
{"message":"Unauthorized request to path: /api/trips","level":"error"}
{"message":"Unauthorized request to path: /api/trips","level":"error"}
{"message":"Unauthorized request to path: /api/trips","level":"error"}
{"message":"Unauthorized request to path: /api/trips","level":"error"}
{"message":"Unauthorized request to path: /api/trips","level":"error"}
{"message":"Unauthorized request to path: /api/trips","level":"error"}
{"message":"Unauthorized request to path: /api/trips","level":"error"}
{"message":"Unauthorized request to path: /api/trips","level":"error"}
{"message":"Unauthorized request to path: /api/trips","level":"error"}
{"message":"Unauthorized request to path: /api/trips","level":"error"}
{"message":"Unauthorized request to path: /api/trips","level":"error"}
{"message":"Unauthorized request to path: /api/trips","level":"error"}
{"message":"Unauthorized request to path: /api/trips","level":"error"}
{"message":"Unauthorized request to path: /api/trips","level":"error"}
{"message":"Unauthorized request to path: /api/trips","level":"error"}
{"message":"Unauthorized request to path: /api/trips","level":"error"}
{"message":"Unauthorized request to path: /api/trips","level":"error"}
{"message":"Unauthorized request to path: /api/trips","level":"error"}
{"message":"Unauthorized request to path: /api/trips","level":"error"}
{"message":"Unauthorized request to path: /api/trips/trips","level":"error"}
{"message":"Unauthorized request to path: /api/trips","level":"error"}
{"message":"Unauthorized request to path: /api/trips","level":"error"}
{"message":"Unauthorized request to path: /api/trips/trips","level":"error"}
{"message":"Unauthorized request to path: /api/trips","level":"error"}
{"message":"Unauthorized request to path: /api","level":"error"}
{"message":"Unauthorized request to path: /api/trips","level":"error"}
{"message":"Unauthorized request to path: /api/trips","level":"error"}
{"message":"Unauthorized request to path: /api/trips","level":"error"}
{"message":"Unauthorized request to path: /api/trips","level":"error"}
{"message":"Unauthorized request to path: /api/trips","level":"error"}
{"message":"Unauthorized request to path: /api/trips","level":"error"}
{"message":"Unauthorized request to path: /api/trips","level":"error"}
{"message":"Unauthorized request to path: /api/trips","level":"error"}
{"message":"Unauthorized request to path: /api/trips","level":"error"}
{"message":"Unauthorized request to path: /api/trips","level":"error"}
{"message":"Unauthorized request to path: /api/trips","level":"error"}
{"message":"Unauthorized request to path: /api/trips","level":"error"}
{"message":"Unauthorized request to path: /api/trips","level":"error"}
{"message":"Unauthorized request to path: /api/trips","level":"error"}
{"message":"Unauthorized request to path: /api/trips","level":"error"}
{"message":"Unauthorized request to path: /api/trips","level":"error"}
{"message":"Unauthorized request to path: /api/trips","level":"error"}
{"message":"Unauthorized request to path: /api/trips","level":"error"}
{"message":"Unauthorized request to path: /api/trips","level":"error"}
{"message":"Unauthorized request to path: /api/trips","level":"error"}
{"message":"Unauthorized request to path: /api/trips","level":"error"}
{"message":"Unauthorized request to path: /api/trips","level":"error"}
{"message":"Unauthorized request to path: /api/trips","level":"error"}
{"message":"Unauthorized request to path: /api/trips","level":"error"}
{"message":"Unauthorized request to path: /api/trips","level":"error"}
{"message":"Unauthorized request to path: /api/trips","level":"error"}
{"message":"Unauthorized request to path: /api/trips","level":"error"}
{"message":"Unauthorized request to path: /api/trips","level":"error"}
{"message":"Unauthorized request to path: /api/trips","level":"error"}
{"message":"Unauthorized request to path: /api/trips","level":"error"}
{"message":"Unauthorized request to path: /api/trips","level":"error"}
{"message":"Unauthorized request to path: /api/trips","level":"error"}
{"message":"Unauthorized request to path: /api/trips","level":"error"}
{"message":"Unauthorized request to path: /api/trips","level":"error"}
{"message":"Unauthorized request to path: /api/trips","level":"error"}
{"message":"Unauthorized request to path: /api/trips","level":"error"}
{"message":"Unauthorized request to path: /api/trips","level":"error"}
{"message":"Unauthorized request to path: /api/trips","level":"error"}
{"message":"Unauthorized request to path: /api/trips","level":"error"}
{"message":"Unauthorized request to path: /api/trips","level":"error"}
{"message":"Unauthorized request to path: /api/trips","level":"error"}
